juemountain/proguard-project.txt
# To enable ProGuard in your project, edit project.properties
# to define the proguard.config property as described in that file.
#
# Add project specific ProGuard rules here.
# By default, the flags in this file are appended to flags specified
# in ${sdk.dir}/tools/proguard/proguard-android.txt
# You can edit the include path and order by changing the ProGuard
# include property in project.properties.
#
# For more details, see
#   http://developer.android.com/guide/developing/tools/proguard.html

# Add any project specific keep options here:

# If your project uses WebView with JS, uncomment the following
# and specify the fully qualified class name to the JavaScript interface
# class:
#-keepclassmembers class fqcn.of.javascript.interface.for.webview {
#   public *;
#}

-keepclassmembers class * { 
	public boolean themeNight();
	public void toCommentView();

 }

# Keep - Applications. Keep all application classes, along with their 'main'
# methods.
-keepclasseswithmembers public class * {
    public static void main(java.lang.String[]);
}

# Also keep - Enumerations. Keep the special static methods that are required in
# enumeration classes.
-keepclassmembers enum  * {
    public static **[] values();
    public static ** valueOf(java.lang.String);
}

# Also keep - Serialization code. Keep all fields and methods that are used for
# serialization.
-keepclassmembers class * extends java.io.Serializable {
    static final long serialVersionUID;
    static final java.io.ObjectStreamField[] serialPersistentFields;
    private void writeObject(java.io.ObjectOutputStream);
    private void readObject(java.io.ObjectInputStream);
    java.lang.Object writeReplace();
    java.lang.Object readResolve();
}

# Also keep - Bean classes. Keep all specified classes, along with their getters
# and setters.
-keep class * {
    void set*(***);
    void set*(int,***);
    boolean is*();
    boolean is*(int);
    *** get*();
    *** get*(int);
}

# Also keep - Database drivers. Keep all implementations of java.sql.Driver.
-keep class * extends java.sql.Driver

# Also keep - Swing UI L&F. Keep all extensions of javax.swing.plaf.ComponentUI,
# along with the special 'createUI' method.
-keep class * extends javax.swing.plaf.ComponentUI {
    public static javax.swing.plaf.ComponentUI createUI(javax.swing.JComponent);
}

# Keep names - Native method names. Keep all native class/method names.
-keepclasseswithmembers,allowshrinking class * {
    native <methods>;
}
-dontwarn org.apache.commons.**

-keepattributes Signature
-keepattributes *Annotation*

-assumenosideeffects class android.util.Log {
    public static *** d(...);
    public static *** v(...);
    public static *** i(...);
}