juemountain/proguard/seeds.txt
com.google.zxing.oned.rss.expanded.decoders.AI01320xDecoder
com.google.zxing.oned.rss.expanded.decoders.AI01392xDecoder
com.google.zxing.oned.rss.expanded.decoders.AI01393xDecoder
com.google.zxing.oned.rss.expanded.decoders.AI013x0x1xDecoder
com.google.zxing.oned.rss.expanded.decoders.AI013x0xDecoder
com.google.zxing.oned.rss.expanded.decoders.AI01AndOtherAIs
com.google.zxing.oned.rss.expanded.decoders.AI01decoder
com.google.zxing.oned.rss.expanded.decoders.AI01weightDecoder
com.google.zxing.oned.rss.expanded.decoders.AbstractExpandedDecoder
com.google.zxing.oned.rss.expanded.decoders.AbstractExpandedDecoder: com.google.zxing.common.BitArray getInformation()
com.google.zxing.oned.rss.expanded.decoders.AbstractExpandedDecoder: com.google.zxing.oned.rss.expanded.decoders.GeneralAppIdDecoder getGeneralDecoder()
com.google.zxing.oned.rss.expanded.decoders.AnyAIDecoder
com.google.zxing.oned.rss.expanded.decoders.BlockParsedResult
com.google.zxing.oned.rss.expanded.decoders.BlockParsedResult: com.google.zxing.oned.rss.expanded.decoders.DecodedInformation getDecodedInformation()
com.google.zxing.oned.rss.expanded.decoders.BlockParsedResult: boolean isFinished()
com.google.zxing.oned.rss.expanded.decoders.CurrentParsingState
com.google.zxing.oned.rss.expanded.decoders.CurrentParsingState: int getPosition()
com.google.zxing.oned.rss.expanded.decoders.CurrentParsingState: void setPosition(int)
com.google.zxing.oned.rss.expanded.decoders.CurrentParsingState: boolean isAlpha()
com.google.zxing.oned.rss.expanded.decoders.CurrentParsingState: boolean isNumeric()
com.google.zxing.oned.rss.expanded.decoders.CurrentParsingState: boolean isIsoIec646()
com.google.zxing.oned.rss.expanded.decoders.CurrentParsingState$State
com.google.zxing.oned.rss.expanded.decoders.CurrentParsingState$State: com.google.zxing.oned.rss.expanded.decoders.CurrentParsingState$State[] values()
com.google.zxing.oned.rss.expanded.decoders.CurrentParsingState$State: com.google.zxing.oned.rss.expanded.decoders.CurrentParsingState$State valueOf(java.lang.String)
com.google.zxing.oned.rss.expanded.decoders.DecodedChar
com.google.zxing.oned.rss.expanded.decoders.DecodedChar: char getValue()
com.google.zxing.oned.rss.expanded.decoders.DecodedChar: boolean isFNC1()
com.google.zxing.oned.rss.expanded.decoders.DecodedInformation
com.google.zxing.oned.rss.expanded.decoders.DecodedInformation: java.lang.String getNewString()
com.google.zxing.oned.rss.expanded.decoders.DecodedInformation: boolean isRemaining()
com.google.zxing.oned.rss.expanded.decoders.DecodedInformation: int getRemainingValue()
com.google.zxing.oned.rss.expanded.decoders.DecodedNumeric
com.google.zxing.oned.rss.expanded.decoders.DecodedNumeric: int getFirstDigit()
com.google.zxing.oned.rss.expanded.decoders.DecodedNumeric: int getSecondDigit()
com.google.zxing.oned.rss.expanded.decoders.DecodedNumeric: int getValue()
com.google.zxing.oned.rss.expanded.decoders.DecodedNumeric: boolean isFirstDigitFNC1()
com.google.zxing.oned.rss.expanded.decoders.DecodedNumeric: boolean isSecondDigitFNC1()
com.google.zxing.oned.rss.expanded.decoders.DecodedNumeric: boolean isAnyFNC1()
com.google.zxing.oned.rss.expanded.decoders.DecodedObject
com.google.zxing.oned.rss.expanded.decoders.DecodedObject: int getNewPosition()
com.google.zxing.oned.rss.expanded.decoders.FieldParser
com.google.zxing.oned.rss.expanded.decoders.GeneralAppIdDecoder
com.google.zxing.oned.rss.expanded.decoders.GeneralAppIdDecoder: boolean isStillNumeric(int)
com.google.zxing.oned.rss.expanded.decoders.GeneralAppIdDecoder: boolean isStillIsoIec646(int)
com.google.zxing.oned.rss.expanded.decoders.GeneralAppIdDecoder: boolean isStillAlpha(int)
com.google.zxing.oned.rss.expanded.decoders.GeneralAppIdDecoder: boolean isAlphaTo646ToAlphaLatch(int)
com.google.zxing.oned.rss.expanded.decoders.GeneralAppIdDecoder: boolean isAlphaOr646ToNumericLatch(int)
com.google.zxing.oned.rss.expanded.decoders.GeneralAppIdDecoder: boolean isNumericToAlphaNumericLatch(int)