juemountain/proguard/mapping.txt
org.jsoup.select.Evaluator$Attribute -> org.jsoup.select.Evaluator$Attribute:
    java.lang.String key -> a
    boolean matches(org.jsoup.nodes.Element,org.jsoup.nodes.Element) -> a
    java.lang.String toString() -> toString
org.jsoup.select.Evaluator$AttributeKeyPair -> org.jsoup.select.Evaluator$AttributeKeyPair:
    java.lang.String key -> a
    java.lang.String value -> b
org.jsoup.select.Evaluator$AttributeStarting -> org.jsoup.select.Evaluator$AttributeStarting:
    java.lang.String keyPrefix -> a
    boolean matches(org.jsoup.nodes.Element,org.jsoup.nodes.Element) -> a
    java.lang.String toString() -> toString
org.jsoup.select.Evaluator$AttributeWithValue -> org.jsoup.select.Evaluator$AttributeWithValue:
    boolean matches(org.jsoup.nodes.Element,org.jsoup.nodes.Element) -> a
    java.lang.String toString() -> toString
org.jsoup.select.Evaluator$AttributeWithValueContaining -> org.jsoup.select.Evaluator$AttributeWithValueContaining:
    boolean matches(org.jsoup.nodes.Element,org.jsoup.nodes.Element) -> a
    java.lang.String toString() -> toString
org.jsoup.select.Evaluator$AttributeWithValueEnding -> org.jsoup.select.Evaluator$AttributeWithValueEnding:
    boolean matches(org.jsoup.nodes.Element,org.jsoup.nodes.Element) -> a
    java.lang.String toString() -> toString
org.jsoup.select.Evaluator$AttributeWithValueMatching -> org.jsoup.select.Evaluator$AttributeWithValueMatching:
    java.lang.String key -> a
    java.util.regex.Pattern pattern -> b
    boolean matches(org.jsoup.nodes.Element,org.jsoup.nodes.Element) -> a
    java.lang.String toString() -> toString
org.jsoup.select.Evaluator$AttributeWithValueNot -> org.jsoup.select.Evaluator$AttributeWithValueNot:
    boolean matches(org.jsoup.nodes.Element,org.jsoup.nodes.Element) -> a
    java.lang.String toString() -> toString
org.jsoup.select.Evaluator$AttributeWithValueStarting -> org.jsoup.select.Evaluator$AttributeWithValueStarting:
    boolean matches(org.jsoup.nodes.Element,org.jsoup.nodes.Element) -> a
    java.lang.String toString() -> toString
org.jsoup.select.Evaluator$Class -> org.jsoup.select.Evaluator$Class:
    java.lang.String className -> a
    boolean matches(org.jsoup.nodes.Element,org.jsoup.nodes.Element) -> a
    java.lang.String toString() -> toString
org.jsoup.select.Evaluator$ContainsOwnText -> org.jsoup.select.Evaluator$ContainsOwnText:
    java.lang.String searchText -> a
    boolean matches(org.jsoup.nodes.Element,org.jsoup.nodes.Element) -> a
    java.lang.String toString() -> toString
org.jsoup.select.Evaluator$ContainsText -> org.jsoup.select.Evaluator$ContainsText:
    java.lang.String searchText -> a
    boolean matches(org.jsoup.nodes.Element,org.jsoup.nodes.Element) -> a
    java.lang.String toString() -> toString
org.jsoup.select.Evaluator$Id -> org.jsoup.select.Evaluator$Id:
    java.lang.String id -> a
    boolean matches(org.jsoup.nodes.Element,org.jsoup.nodes.Element) -> a
    java.lang.String toString() -> toString
org.jsoup.select.Evaluator$IndexEquals -> org.jsoup.select.Evaluator$IndexEquals:
    boolean matches(org.jsoup.nodes.Element,org.jsoup.nodes.Element) -> a
    java.lang.String toString() -> toString
org.jsoup.select.Evaluator$IndexEvaluator -> org.jsoup.select.Evaluator$IndexEvaluator:
    int index -> a
org.jsoup.select.Evaluator$IndexGreaterThan -> org.jsoup.select.Evaluator$IndexGreaterThan:
    boolean matches(org.jsoup.nodes.Element,org.jsoup.nodes.Element) -> a
    java.lang.String toString() -> toString
org.jsoup.select.Evaluator$IndexLessThan -> org.jsoup.select.Evaluator$IndexLessThan:
    boolean matches(org.jsoup.nodes.Element,org.jsoup.nodes.Element) -> a
    java.lang.String toString() -> toString
org.jsoup.select.Evaluator$Matches -> org.jsoup.select.Evaluator$Matches:
    java.util.regex.Pattern pattern -> a
    boolean matches(org.jsoup.nodes.Element,org.jsoup.nodes.Element) -> a
    java.lang.String toString() -> toString