juemountain/proguard/usage.txt
android.support.v4.media.TransportMediatorJellybeanMR2$2:
    53:53:TransportMediatorJellybeanMR2$2(android.support.v4.media.TransportMediatorJellybeanMR2)
android.support.v4.media.TransportMediatorJellybeanMR2$3:
    60:60:TransportMediatorJellybeanMR2$3(android.support.v4.media.TransportMediatorJellybeanMR2)
android.support.v4.media.TransportMediatorJellybeanMR2$4:
    72:72:TransportMediatorJellybeanMR2$4(android.support.v4.media.TransportMediatorJellybeanMR2)
android.support.v4.media.TransportPerformer:
    static final int AUDIOFOCUS_GAIN
    static final int AUDIOFOCUS_GAIN_TRANSIENT
    static final int AUDIOFOCUS_GAIN_TRANSIENT_MAY_DUCK
    static final int AUDIOFOCUS_LOSS
    static final int AUDIOFOCUS_LOSS_TRANSIENT
    static final int AUDIOFOCUS_LOSS_TRANSIENT_CAN_DUCK
android.support.v4.media.TransportStateListener:
    30:30:public void onPlayingChanged(android.support.v4.media.TransportController)
    38:38:public void onTransportControlsChanged(android.support.v4.media.TransportController)
android.support.v4.net.ConnectivityManagerCompat:
    103:103:public static boolean isActiveNetworkMetered(android.net.ConnectivityManager)
    114:118:public static android.net.NetworkInfo getNetworkInfoFromBroadcast(android.net.ConnectivityManager,android.content.Intent)
android.support.v4.net.ConnectivityManagerCompat$BaseConnectivityManagerCompatImpl:
    40:54:public boolean isActiveNetworkMetered(android.net.ConnectivityManager)
android.support.v4.net.ConnectivityManagerCompat$ConnectivityManagerCompatImpl:
    public abstract boolean isActiveNetworkMetered(android.net.ConnectivityManager)
android.support.v4.net.ConnectivityManagerCompat$GingerbreadConnectivityManagerCompatImpl:
    62:62:public boolean isActiveNetworkMetered(android.net.ConnectivityManager)
android.support.v4.net.ConnectivityManagerCompat$HoneycombMR2ConnectivityManagerCompatImpl:
    70:70:public boolean isActiveNetworkMetered(android.net.ConnectivityManager)
android.support.v4.net.ConnectivityManagerCompat$JellyBeanConnectivityManagerCompatImpl:
    77:77:public boolean isActiveNetworkMetered(android.net.ConnectivityManager)
android.support.v4.net.ConnectivityManagerCompatGingerbread:
    35:54:public static boolean isActiveNetworkMetered(android.net.ConnectivityManager)
android.support.v4.net.ConnectivityManagerCompatHoneycombMR2:
    37:58:public static boolean isActiveNetworkMetered(android.net.ConnectivityManager)
android.support.v4.net.ConnectivityManagerCompatJellyBean:
    26:26:public static boolean isActiveNetworkMetered(android.net.ConnectivityManager)
android.support.v4.net.TrafficStatsCompat:
    136:137:public static void clearThreadStatsTag()
    156:157:public static void incrementOperationCount(int)
    167:168:public static void incrementOperationCount(int,int)
    194:195:public static void tagSocket(java.net.Socket)
    201:202:public static void untagSocket(java.net.Socket)
android.support.v4.net.TrafficStatsCompat$BaseTrafficStatsCompatImpl:
    54:55:public void clearThreadStatsTag()
    64:64:public void incrementOperationCount(int)
    68:68:public void incrementOperationCount(int,int)
    77:77:public void tagSocket(java.net.Socket)
    81:81:public void untagSocket(java.net.Socket)
android.support.v4.net.TrafficStatsCompat$IcsTrafficStatsCompatImpl:
    87:88:public void clearThreadStatsTag()
    97:98:public void incrementOperationCount(int)
    102:103:public void incrementOperationCount(int,int)
    112:113:public void tagSocket(java.net.Socket)
    117:118:public void untagSocket(java.net.Socket)
android.support.v4.net.TrafficStatsCompat$TrafficStatsCompatImpl:
    public abstract void clearThreadStatsTag()
    public abstract void incrementOperationCount(int)
    public abstract void incrementOperationCount(int,int)
    public abstract void tagSocket(java.net.Socket)
    public abstract void untagSocket(java.net.Socket)